2023-07-18 17:42:14.796 [pool-2-thread-1] ERROR Time.LogPrint - SocketChannel的key出错
java.io.IOException: Connection reset by peer
	at java.base/sun.nio.ch.SocketDispatcher.write0(Native Method)
	at java.base/sun.nio.ch.SocketDispatcher.write(SocketDispatcher.java:54)
	at java.base/sun.nio.ch.IOUtil.writeFromNativeBuffer(IOUtil.java:136)
	at java.base/sun.nio.ch.IOUtil.write(IOUtil.java:101)
	at java.base/sun.nio.ch.IOUtil.write(IOUtil.java:57)
	at java.base/sun.nio.ch.SocketChannelImpl.write(SocketChannelImpl.java:542)
	at Io.MultiWriteHandler.setClient(MultiWriteHandler.java:60)
	at Command.SAVECommand.execute(SAVECommand.java:32)
	at SubReactor.readData(SubReactor.java:130)
	at SubReactor.disPatch(SubReactor.java:85)
	at SubReactor.access$200(SubReactor.java:15)
	at SubReactor$1.run(SubReactor.java:61)
	at java.base/java.util.concurrent.Executors$RunnableAdapter.call(Executors.java:577)
	at java.base/java.util.concurrent.FutureTask.run(FutureTask.java:317)
	at java.base/java.util.concurrent.ThreadPoolExecutor.runWorker(ThreadPoolExecutor.java:1144)
	at java.base/java.util.concurrent.ThreadPoolExecutor$Worker.run(ThreadPoolExecutor.java:642)
	at java.base/java.lang.Thread.run(Thread.java:1589)
2023-07-18 17:42:29.184 [pool-2-thread-1] ERROR Time.LogPrint - reactor出现异常
java.lang.OutOfMemoryError: unable to create native thread: possibly out of memory or process/resource limits reached
	at java.base/java.lang.Thread.start0(Native Method)
	at java.base/java.lang.Thread.start(Thread.java:1560)
	at java.base/java.lang.System$2.start(System.java:2528)
	at java.base/jdk.internal.vm.SharedThreadContainer.start(SharedThreadContainer.java:160)
	at java.base/java.util.concurrent.ThreadPoolExecutor.addWorker(ThreadPoolExecutor.java:953)
	at java.base/java.util.concurrent.ThreadPoolExecutor.execute(ThreadPoolExecutor.java:1364)
	at java.base/java.util.concurrent.AbstractExecutorService.submit(AbstractExecutorService.java:123)
	at java.base/java.util.concurrent.Executors$DelegatedExecutorService.submit(Executors.java:786)
	at Io.MultiWriteHandler.run(MultiWriteHandler.java:27)
	at SubReactor.disPatch(SubReactor.java:88)
	at SubReactor.access$200(SubReactor.java:15)
	at SubReactor$1.run(SubReactor.java:61)
	at java.base/java.util.concurrent.Executors$RunnableAdapter.call(Executors.java:577)
	at java.base/java.util.concurrent.FutureTask.run(FutureTask.java:317)
	at java.base/java.util.concurrent.ThreadPoolExecutor.runWorker(ThreadPoolExecutor.java:1144)
	at java.base/java.util.concurrent.ThreadPoolExecutor$Worker.run(ThreadPoolExecutor.java:642)
	at java.base/java.lang.Thread.run(Thread.java:1589)
2023-07-18 17:42:29.197 [pool-2-thread-1] ERROR Time.LogPrint - SocketChannel的key出错
java.io.IOException: Connection reset by peer
	at java.base/sun.nio.ch.SocketDispatcher.write0(Native Method)
	at java.base/sun.nio.ch.SocketDispatcher.write(SocketDispatcher.java:54)
	at java.base/sun.nio.ch.IOUtil.writeFromNativeBuffer(IOUtil.java:136)
	at java.base/sun.nio.ch.IOUtil.write(IOUtil.java:101)
	at java.base/sun.nio.ch.IOUtil.write(IOUtil.java:57)
	at java.base/sun.nio.ch.SocketChannelImpl.write(SocketChannelImpl.java:542)
	at Io.MultiWriteHandler.setClient(MultiWriteHandler.java:60)
	at Command.SAVECommand.execute(SAVECommand.java:32)
	at SubReactor.readData(SubReactor.java:130)
	at SubReactor.disPatch(SubReactor.java:85)
	at SubReactor.access$200(SubReactor.java:15)
	at SubReactor$1.run(SubReactor.java:61)
	at java.base/java.util.concurrent.Executors$RunnableAdapter.call(Executors.java:577)
	at java.base/java.util.concurrent.FutureTask.run(FutureTask.java:317)
	at java.base/java.util.concurrent.ThreadPoolExecutor.runWorker(ThreadPoolExecutor.java:1144)
	at java.base/java.util.concurrent.ThreadPoolExecutor$Worker.run(ThreadPoolExecutor.java:642)
	at java.base/java.lang.Thread.run(Thread.java:1589)
